{"uuid":"324f9d29-738f-46e3-9840-18e3e108d4f8","historyId":"3682c66fb484779a3f1b1b0b0249478d","fullName":"org.pftest.projects.testcases.PageEditingTest.showPageOutline","labels":[{"name":"package","value":"org.pftest.projects.testcases.PageEditingTest"},{"name":"testClass","value":"org.pftest.projects.testcases.PageEditingTest"},{"name":"testMethod","value":"showPageOutline"},{"name":"parentSuite","value":"Default Suite"},{"name":"suite","value":"pftest"},{"name":"subSuite","value":"org.pftest.projects.testcases.PageEditingTest"},{"name":"host","value":"MacBook-Pro-cua-quynhniee.local"},{"name":"thread","value":"60442@MacBook-Pro-cua-quynhniee.local.main(1)"},{"name":"framework","value":"testng"},{"name":"language","value":"java"},{"name":"epic","value":"Page Editing"}],"links":[],"name":"TC-032: User show page outline","status":"failed","statusDetails":{"known":false,"muted":false,"flaky":false,"message":"The element is NOT visible. By.id: page-outline-section","trace":"java.lang.AssertionError: The element is NOT visible. By.id: page-outline-section\n\tat org.testng.Assert.fail(Assert.java:111)\n\tat org.pftest.keywords.WebUI.verifyElementVisible(WebUI.java:1946)\n\tat org.pftest.projects.pages.pages.EditorPage.showPageOutline(EditorPage.java:109)\n\tat org.pftest.projects.pages.pages.EditorPage.togglePageOutlineAndCheckCanvasSize(EditorPage.java:130)\n\tat org.pftest.projects.testcases.PageEditingTest.showPageOutline(PageEditingTest.java:126)\n\tat java.base/jdk.internal.reflect.DirectMethodHandleAccessor.invoke(DirectMethodHandleAccessor.java:103)\n\tat java.base/java.lang.reflect.Method.invoke(Method.java:580)\n\tat org.testng.internal.invokers.MethodInvocationHelper.invokeMethod(MethodInvocationHelper.java:141)\n\tat org.testng.internal.invokers.TestInvoker.invokeMethod(TestInvoker.java:686)\n\tat org.testng.internal.invokers.TestInvoker.invokeTestMethod(TestInvoker.java:230)\n\tat org.testng.internal.invokers.MethodRunner.runInSequence(MethodRunner.java:63)\n\tat org.testng.internal.invokers.TestInvoker$MethodInvocationAgent.invoke(TestInvoker.java:992)\n\tat org.testng.internal.invokers.TestInvoker.invokeTestMethods(TestInvoker.java:203)\n\tat org.testng.internal.invokers.TestMethodWorker.invokeTestMethods(TestMethodWorker.java:154)\n\tat org.testng.internal.invokers.TestMethodWorker.run(TestMethodWorker.java:134)\n\tat java.base/java.util.ArrayList.forEach(ArrayList.java:1596)\n\tat org.testng.TestRunner.privateRun(TestRunner.java:739)\n\tat org.testng.TestRunner.run(TestRunner.java:614)\n\tat org.testng.SuiteRunner.runTest(SuiteRunner.java:421)\n\tat org.testng.SuiteRunner.runSequentially(SuiteRunner.java:413)\n\tat org.testng.SuiteRunner.privateRun(SuiteRunner.java:373)\n\tat org.testng.SuiteRunner.run(SuiteRunner.java:312)\n\tat org.testng.SuiteRunnerWorker.runSuite(SuiteRunnerWorker.java:52)\n\tat org.testng.SuiteRunnerWorker.run(SuiteRunnerWorker.java:95)\n\tat org.testng.TestNG.runSuitesSequentially(TestNG.java:1274)\n\tat org.testng.TestNG.runSuitesLocally(TestNG.java:1208)\n\tat org.testng.TestNG.runSuites(TestNG.java:1112)\n\tat org.testng.TestNG.run(TestNG.java:1079)\n\tat com.intellij.rt.testng.IDEARemoteTestNG.run(IDEARemoteTestNG.java:65)\n\tat com.intellij.rt.testng.RemoteTestNGStarter.main(RemoteTestNGStarter.java:105)\n"},"stage":"finished","steps":[{"name":"Open new PAGE page editor","status":"passed","stage":"finished","steps":[{"name":"Open website with URL https://admin.shopify.com/store/quynhquynhiee/apps/pageflybackend-9/editor?type=page&id=9e1e9fe3-fd1b-4cac-b1df-a35c532d44bc","status":"passed","stage":"finished","steps":[],"attachments":[{"name":"Open website with URL: https://admin.shopify.com/store/quynhquynhiee/apps/pageflybackend-9/editor?type=page&id=9e1e9fe3-fd1b-4cac-b1df-a35c532d44bc","source":"e3b0b380-f1ce-492b-8887-fa029cab1691-attachment","type":"text/plain"}],"parameters":[{"name":"URL","value":"https://admin.shopify.com/store/quynhquynhiee/apps/pageflybackend-9/editor?type=page&id=9e1e9fe3-fd1b-4cac-b1df-a35c532d44bc"}],"start":1714732803256,"stop":1714732804111},{"name":"Switch to Frame by Name: app-iframe","status":"passed","stage":"finished","steps":[],"attachments":[],"parameters":[],"start":1714732804111,"stop":1714732806283}],"attachments":[],"parameters":[{"name":"pageType","value":"PAGE"}],"start":1714732803133,"stop":1714732806283},{"name":"Wait for the page to be loaded","status":"passed","stage":"finished","steps":[{"name":"Verify element visible By.id: editor-header-bar--page-title","status":"passed","stage":"finished","steps":[],"attachments":[],"parameters":[{"name":"by","value":"By.id: editor-header-bar--page-title"}],"start":1714732806284,"stop":1714732807893},{"name":"Verify element visible By.id: pf-sandbox","status":"passed","stage":"finished","steps":[],"attachments":[],"parameters":[{"name":"by","value":"By.id: pf-sandbox"}],"start":1714732807893,"stop":1714732808952},{"name":"Verify element visible By.id: editor--inspector","status":"passed","stage":"finished","steps":[],"attachments":[],"parameters":[{"name":"by","value":"By.id: editor--inspector"}],"start":1714732808952,"stop":1714732808964},{"name":"Verify element visible By.id: editor-header-bar","status":"passed","stage":"finished","steps":[],"attachments":[],"parameters":[{"name":"by","value":"By.id: editor-header-bar"}],"start":1714732808965,"stop":1714732808976}],"attachments":[],"parameters":[],"start":1714732806283,"stop":1714732808976},{"name":"Toggle Page Outline and check canvas size","status":"failed","statusDetails":{"known":false,"muted":false,"flaky":false,"message":"The element is NOT visible. By.id: page-outline-section","trace":"java.lang.AssertionError: The element is NOT visible. By.id: page-outline-section\n\tat org.testng.Assert.fail(Assert.java:111)\n\tat org.pftest.keywords.WebUI.verifyElementVisible(WebUI.java:1946)\n\tat org.pftest.projects.pages.pages.EditorPage.showPageOutline(EditorPage.java:109)\n\tat org.pftest.projects.pages.pages.EditorPage.togglePageOutlineAndCheckCanvasSize(EditorPage.java:130)\n\tat org.pftest.projects.testcases.PageEditingTest.showPageOutline(PageEditingTest.java:126)\n\tat java.base/jdk.internal.reflect.DirectMethodHandleAccessor.invoke(DirectMethodHandleAccessor.java:103)\n\tat java.base/java.lang.reflect.Method.invoke(Method.java:580)\n\tat org.testng.internal.invokers.MethodInvocationHelper.invokeMethod(MethodInvocationHelper.java:141)\n\tat org.testng.internal.invokers.TestInvoker.invokeMethod(TestInvoker.java:686)\n\tat org.testng.internal.invokers.TestInvoker.invokeTestMethod(TestInvoker.java:230)\n\tat org.testng.internal.invokers.MethodRunner.runInSequence(MethodRunner.java:63)\n\tat org.testng.internal.invokers.TestInvoker$MethodInvocationAgent.invoke(TestInvoker.java:992)\n\tat org.testng.internal.invokers.TestInvoker.invokeTestMethods(TestInvoker.java:203)\n\tat org.testng.internal.invokers.TestMethodWorker.invokeTestMethods(TestMethodWorker.java:154)\n\tat org.testng.internal.invokers.TestMethodWorker.run(TestMethodWorker.java:134)\n\tat java.base/java.util.ArrayList.forEach(ArrayList.java:1596)\n\tat org.testng.TestRunner.privateRun(TestRunner.java:739)\n\tat org.testng.TestRunner.run(TestRunner.java:614)\n\tat org.testng.SuiteRunner.runTest(SuiteRunner.java:421)\n\tat org.testng.SuiteRunner.runSequentially(SuiteRunner.java:413)\n\tat org.testng.SuiteRunner.privateRun(SuiteRunner.java:373)\n\tat org.testng.SuiteRunner.run(SuiteRunner.java:312)\n\tat org.testng.SuiteRunnerWorker.runSuite(SuiteRunnerWorker.java:52)\n\tat org.testng.SuiteRunnerWorker.run(SuiteRunnerWorker.java:95)\n\tat org.testng.TestNG.runSuitesSequentially(TestNG.java:1274)\n\tat org.testng.TestNG.runSuitesLocally(TestNG.java:1208)\n\tat org.testng.TestNG.runSuites(TestNG.java:1112)\n\tat org.testng.TestNG.run(TestNG.java:1079)\n\tat com.intellij.rt.testng.IDEARemoteTestNG.run(IDEARemoteTestNG.java:65)\n\tat com.intellij.rt.testng.RemoteTestNGStarter.main(RemoteTestNGStarter.java:105)\n"},"stage":"finished","steps":[{"name":"Hide Page Outline","status":"passed","stage":"finished","steps":[{"name":"Verify element visible By.id: page-outline-section","status":"passed","stage":"finished","steps":[],"attachments":[],"parameters":[{"name":"by","value":"By.id: page-outline-section"}],"start":1714732808977,"stop":1714732808989},{"name":"Click on the element By.xpath: //button[@id='outline--activator']","status":"passed","stage":"finished","steps":[{"name":"Verify element visible By.xpath: //button[@id='outline--activator']","status":"passed","stage":"finished","steps":[],"attachments":[],"parameters":[{"name":"by","value":"By.xpath: //button[@id='outline--activator']"},{"name":"timeout","value":"1"}],"start":1714732809004,"stop":1714732809015}],"attachments":[{"name":"Clicked on the element By.xpath: //button[@id='outline--activator']","source":"b9367040-a0af-41a8-b931-5d86de918948-attachment","type":"text/plain"}],"parameters":[{"name":"by","value":"By.xpath: //button[@id='outline--activator']"}],"start":1714732808989,"stop":1714732809081},{"name":"Verify element NOT visible By.id: page-outline-section","status":"passed","stage":"finished","steps":[],"attachments":[],"parameters":[{"name":"by","value":"By.id: page-outline-section"}],"start":1714732809584,"stop":1714732810123}],"attachments":[],"parameters":[],"start":1714732808977,"stop":1714732810123},{"name":"Get Size of element By.id: pf-sandbox","status":"passed","stage":"finished","steps":[{"name":"Verify element visible By.id: pf-sandbox","status":"passed","stage":"finished","steps":[],"attachments":[],"parameters":[{"name":"by","value":"By.id: pf-sandbox"},{"name":"timeout","value":"1"}],"start":1714732810140,"stop":1714732810154}],"attachments":[],"parameters":[{"name":"by","value":"By.id: pf-sandbox"}],"start":1714732810123,"stop":1714732810169},{"name":"Show Page Outline","status":"failed","statusDetails":{"known":false,"muted":false,"flaky":false,"message":"The element is NOT visible. By.id: page-outline-section","trace":"java.lang.AssertionError: The element is NOT visible. By.id: page-outline-section\n\tat org.testng.Assert.fail(Assert.java:111)\n\tat org.pftest.keywords.WebUI.verifyElementVisible(WebUI.java:1946)\n\tat org.pftest.projects.pages.pages.EditorPage.showPageOutline(EditorPage.java:109)\n\tat org.pftest.projects.pages.pages.EditorPage.togglePageOutlineAndCheckCanvasSize(EditorPage.java:130)\n\tat org.pftest.projects.testcases.PageEditingTest.showPageOutline(PageEditingTest.java:126)\n\tat java.base/jdk.internal.reflect.DirectMethodHandleAccessor.invoke(DirectMethodHandleAccessor.java:103)\n\tat java.base/java.lang.reflect.Method.invoke(Method.java:580)\n\tat org.testng.internal.invokers.MethodInvocationHelper.invokeMethod(MethodInvocationHelper.java:141)\n\tat org.testng.internal.invokers.TestInvoker.invokeMethod(TestInvoker.java:686)\n\tat org.testng.internal.invokers.TestInvoker.invokeTestMethod(TestInvoker.java:230)\n\tat org.testng.internal.invokers.MethodRunner.runInSequence(MethodRunner.java:63)\n\tat org.testng.internal.invokers.TestInvoker$MethodInvocationAgent.invoke(TestInvoker.java:992)\n\tat org.testng.internal.invokers.TestInvoker.invokeTestMethods(TestInvoker.java:203)\n\tat org.testng.internal.invokers.TestMethodWorker.invokeTestMethods(TestMethodWorker.java:154)\n\tat org.testng.internal.invokers.TestMethodWorker.run(TestMethodWorker.java:134)\n\tat java.base/java.util.ArrayList.forEach(ArrayList.java:1596)\n\tat org.testng.TestRunner.privateRun(TestRunner.java:739)\n\tat org.testng.TestRunner.run(TestRunner.java:614)\n\tat org.testng.SuiteRunner.runTest(SuiteRunner.java:421)\n\tat org.testng.SuiteRunner.runSequentially(SuiteRunner.java:413)\n\tat org.testng.SuiteRunner.privateRun(SuiteRunner.java:373)\n\tat org.testng.SuiteRunner.run(SuiteRunner.java:312)\n\tat org.testng.SuiteRunnerWorker.runSuite(SuiteRunnerWorker.java:52)\n\tat org.testng.SuiteRunnerWorker.run(SuiteRunnerWorker.java:95)\n\tat org.testng.TestNG.runSuitesSequentially(TestNG.java:1274)\n\tat org.testng.TestNG.runSuitesLocally(TestNG.java:1208)\n\tat org.testng.TestNG.runSuites(TestNG.java:1112)\n\tat org.testng.TestNG.run(TestNG.java:1079)\n\tat com.intellij.rt.testng.IDEARemoteTestNG.run(IDEARemoteTestNG.java:65)\n\tat com.intellij.rt.testng.RemoteTestNGStarter.main(RemoteTestNGStarter.java:105)\n"},"stage":"finished","steps":[{"name":"Verify element visible By.id: page-outline-section","status":"failed","statusDetails":{"known":false,"muted":false,"flaky":false,"message":"The element is NOT visible. By.id: page-outline-section","trace":"java.lang.AssertionError: The element is NOT visible. By.id: page-outline-section\n\tat org.testng.Assert.fail(Assert.java:111)\n\tat org.pftest.keywords.WebUI.verifyElementVisible(WebUI.java:1946)\n\tat org.pftest.projects.pages.pages.EditorPage.showPageOutline(EditorPage.java:109)\n\tat org.pftest.projects.pages.pages.EditorPage.togglePageOutlineAndCheckCanvasSize(EditorPage.java:130)\n\tat org.pftest.projects.testcases.PageEditingTest.showPageOutline(PageEditingTest.java:126)\n\tat java.base/jdk.internal.reflect.DirectMethodHandleAccessor.invoke(DirectMethodHandleAccessor.java:103)\n\tat java.base/java.lang.reflect.Method.invoke(Method.java:580)\n\tat org.testng.internal.invokers.MethodInvocationHelper.invokeMethod(MethodInvocationHelper.java:141)\n\tat org.testng.internal.invokers.TestInvoker.invokeMethod(TestInvoker.java:686)\n\tat org.testng.internal.invokers.TestInvoker.invokeTestMethod(TestInvoker.java:230)\n\tat org.testng.internal.invokers.MethodRunner.runInSequence(MethodRunner.java:63)\n\tat org.testng.internal.invokers.TestInvoker$MethodInvocationAgent.invoke(TestInvoker.java:992)\n\tat org.testng.internal.invokers.TestInvoker.invokeTestMethods(TestInvoker.java:203)\n\tat org.testng.internal.invokers.TestMethodWorker.invokeTestMethods(TestMethodWorker.java:154)\n\tat org.testng.internal.invokers.TestMethodWorker.run(TestMethodWorker.java:134)\n\tat java.base/java.util.ArrayList.forEach(ArrayList.java:1596)\n\tat org.testng.TestRunner.privateRun(TestRunner.java:739)\n\tat org.testng.TestRunner.run(TestRunner.java:614)\n\tat org.testng.SuiteRunner.runTest(SuiteRunner.java:421)\n\tat org.testng.SuiteRunner.runSequentially(SuiteRunner.java:413)\n\tat org.testng.SuiteRunner.privateRun(SuiteRunner.java:373)\n\tat org.testng.SuiteRunner.run(SuiteRunner.java:312)\n\tat org.testng.SuiteRunnerWorker.runSuite(SuiteRunnerWorker.java:52)\n\tat org.testng.SuiteRunnerWorker.run(SuiteRunnerWorker.java:95)\n\tat org.testng.TestNG.runSuitesSequentially(TestNG.java:1274)\n\tat org.testng.TestNG.runSuitesLocally(TestNG.java:1208)\n\tat org.testng.TestNG.runSuites(TestNG.java:1112)\n\tat org.testng.TestNG.run(TestNG.java:1079)\n\tat com.intellij.rt.testng.IDEARemoteTestNG.run(IDEARemoteTestNG.java:65)\n\tat com.intellij.rt.testng.RemoteTestNGStarter.main(RemoteTestNGStarter.java:105)\n"},"stage":"finished","steps":[],"attachments":[],"parameters":[{"name":"by","value":"By.id: page-outline-section"}],"start":1714732810169,"stop":1714732820636}],"attachments":[],"parameters":[],"start":1714732810169,"stop":1714732820636}],"attachments":[],"parameters":[],"start":1714732808977,"stop":1714732820636}],"attachments":[],"parameters":[],"start":1714732803117,"stop":1714732820639}