{"uuid":"49c65e1b-0f89-4de4-971c-6c3b2cf9a05a","historyId":"bd26923e2f17d7a3d893ecb354fcde5a","fullName":"org.pftest.projects.testcases.PageEditingTest.createNewRegularPasswordPageFromBlank","labels":[{"name":"package","value":"org.pftest.projects.testcases.PageEditingTest"},{"name":"testClass","value":"org.pftest.projects.testcases.PageEditingTest"},{"name":"testMethod","value":"createNewRegularPasswordPageFromBlank"},{"name":"parentSuite","value":"Default Suite"},{"name":"suite","value":"pftest"},{"name":"subSuite","value":"org.pftest.projects.testcases.PageEditingTest"},{"name":"host","value":"MacBook-Pro-cua-quynhniee.local"},{"name":"thread","value":"52460@MacBook-Pro-cua-quynhniee.local.main(1)"},{"name":"framework","value":"testng"},{"name":"language","value":"java"},{"name":"epic","value":"Page Editing"}],"links":[],"name":"TC-011: Create a new regular/password page from blank","status":"failed","statusDetails":{"known":false,"muted":false,"flaky":false,"message":"The element is NOT visible. By.xpath: //h1[@class='Polaris-Header-Title']","trace":"java.lang.AssertionError: The element is NOT visible. By.xpath: //h1[@class='Polaris-Header-Title']\n\tat org.testng.Assert.fail(Assert.java:111)\n\tat org.pftest.keywords.WebUI.verifyElementVisible(WebUI.java:1946)\n\tat org.pftest.projects.CommonPage.verifyPageTitle(CommonPage.java:52)\n\tat org.pftest.projects.pages.pages.PageListingScreen.verifyPageListingLoaded(PageListingScreen.java:34)\n\tat org.pftest.projects.testcases.PageEditingTest.createNewPageFromBlank(PageEditingTest.java:46)\n\tat org.pftest.projects.testcases.PageEditingTest.createNewRegularPasswordPageFromBlank(PageEditingTest.java:110)\n\tat java.base/jdk.internal.reflect.DirectMethodHandleAccessor.invoke(DirectMethodHandleAccessor.java:103)\n\tat java.base/java.lang.reflect.Method.invoke(Method.java:580)\n\tat org.testng.internal.invokers.MethodInvocationHelper.invokeMethod(MethodInvocationHelper.java:141)\n\tat org.testng.internal.invokers.TestInvoker.invokeMethod(TestInvoker.java:686)\n\tat org.testng.internal.invokers.TestInvoker.invokeTestMethod(TestInvoker.java:230)\n\tat org.testng.internal.invokers.MethodRunner.runInSequence(MethodRunner.java:63)\n\tat org.testng.internal.invokers.TestInvoker$MethodInvocationAgent.invoke(TestInvoker.java:992)\n\tat org.testng.internal.invokers.TestInvoker.invokeTestMethods(TestInvoker.java:203)\n\tat org.testng.internal.invokers.TestMethodWorker.invokeTestMethods(TestMethodWorker.java:154)\n\tat org.testng.internal.invokers.TestMethodWorker.run(TestMethodWorker.java:134)\n\tat java.base/java.util.ArrayList.forEach(ArrayList.java:1596)\n\tat org.testng.TestRunner.privateRun(TestRunner.java:739)\n\tat org.testng.TestRunner.run(TestRunner.java:614)\n\tat org.testng.SuiteRunner.runTest(SuiteRunner.java:421)\n\tat org.testng.SuiteRunner.runSequentially(SuiteRunner.java:413)\n\tat org.testng.SuiteRunner.privateRun(SuiteRunner.java:373)\n\tat org.testng.SuiteRunner.run(SuiteRunner.java:312)\n\tat org.testng.SuiteRunnerWorker.runSuite(SuiteRunnerWorker.java:52)\n\tat org.testng.SuiteRunnerWorker.run(SuiteRunnerWorker.java:95)\n\tat org.testng.TestNG.runSuitesSequentially(TestNG.java:1274)\n\tat org.testng.TestNG.runSuitesLocally(TestNG.java:1208)\n\tat org.testng.TestNG.runSuites(TestNG.java:1112)\n\tat org.testng.TestNG.run(TestNG.java:1079)\n\tat com.intellij.rt.testng.IDEARemoteTestNG.run(IDEARemoteTestNG.java:65)\n\tat com.intellij.rt.testng.RemoteTestNGStarter.main(RemoteTestNGStarter.java:105)\n"},"stage":"finished","steps":[{"name":"Create a new PAGE page from blank","status":"failed","statusDetails":{"known":false,"muted":false,"flaky":false,"message":"The element is NOT visible. By.xpath: //h1[@class='Polaris-Header-Title']","trace":"java.lang.AssertionError: The element is NOT visible. By.xpath: //h1[@class='Polaris-Header-Title']\n\tat org.testng.Assert.fail(Assert.java:111)\n\tat org.pftest.keywords.WebUI.verifyElementVisible(WebUI.java:1946)\n\tat org.pftest.projects.CommonPage.verifyPageTitle(CommonPage.java:52)\n\tat org.pftest.projects.pages.pages.PageListingScreen.verifyPageListingLoaded(PageListingScreen.java:34)\n\tat org.pftest.projects.testcases.PageEditingTest.createNewPageFromBlank(PageEditingTest.java:46)\n\tat org.pftest.projects.testcases.PageEditingTest.createNewRegularPasswordPageFromBlank(PageEditingTest.java:110)\n\tat java.base/jdk.internal.reflect.DirectMethodHandleAccessor.invoke(DirectMethodHandleAccessor.java:103)\n\tat java.base/java.lang.reflect.Method.invoke(Method.java:580)\n\tat org.testng.internal.invokers.MethodInvocationHelper.invokeMethod(MethodInvocationHelper.java:141)\n\tat org.testng.internal.invokers.TestInvoker.invokeMethod(TestInvoker.java:686)\n\tat org.testng.internal.invokers.TestInvoker.invokeTestMethod(TestInvoker.java:230)\n\tat org.testng.internal.invokers.MethodRunner.runInSequence(MethodRunner.java:63)\n\tat org.testng.internal.invokers.TestInvoker$MethodInvocationAgent.invoke(TestInvoker.java:992)\n\tat org.testng.internal.invokers.TestInvoker.invokeTestMethods(TestInvoker.java:203)\n\tat org.testng.internal.invokers.TestMethodWorker.invokeTestMethods(TestMethodWorker.java:154)\n\tat org.testng.internal.invokers.TestMethodWorker.run(TestMethodWorker.java:134)\n\tat java.base/java.util.ArrayList.forEach(ArrayList.java:1596)\n\tat org.testng.TestRunner.privateRun(TestRunner.java:739)\n\tat org.testng.TestRunner.run(TestRunner.java:614)\n\tat org.testng.SuiteRunner.runTest(SuiteRunner.java:421)\n\tat org.testng.SuiteRunner.runSequentially(SuiteRunner.java:413)\n\tat org.testng.SuiteRunner.privateRun(SuiteRunner.java:373)\n\tat org.testng.SuiteRunner.run(SuiteRunner.java:312)\n\tat org.testng.SuiteRunnerWorker.runSuite(SuiteRunnerWorker.java:52)\n\tat org.testng.SuiteRunnerWorker.run(SuiteRunnerWorker.java:95)\n\tat org.testng.TestNG.runSuitesSequentially(TestNG.java:1274)\n\tat org.testng.TestNG.runSuitesLocally(TestNG.java:1208)\n\tat org.testng.TestNG.runSuites(TestNG.java:1112)\n\tat org.testng.TestNG.run(TestNG.java:1079)\n\tat com.intellij.rt.testng.IDEARemoteTestNG.run(IDEARemoteTestNG.java:65)\n\tat com.intellij.rt.testng.RemoteTestNGStarter.main(RemoteTestNGStarter.java:105)\n"},"stage":"finished","steps":[{"name":"Open website with URL https://admin.shopify.com/store/quynhquynhiee/apps/pageflybackend-9/pages","status":"passed","stage":"finished","steps":[],"attachments":[{"name":"Open website with URL: https://admin.shopify.com/store/quynhquynhiee/apps/pageflybackend-9/pages","source":"83805009-f4bd-45df-b70e-6b17d6233deb-attachment","type":"text/plain"}],"parameters":[{"name":"URL","value":"https://admin.shopify.com/store/quynhquynhiee/apps/pageflybackend-9/pages"}],"start":1714728333569,"stop":1714728334147},{"name":"Switch to Frame by Name: app-iframe","status":"passed","stage":"finished","steps":[],"attachments":[],"parameters":[],"start":1714728334147,"stop":1714728336817},{"name":"Wait for the page listing to be loaded","status":"failed","statusDetails":{"known":false,"muted":false,"flaky":false,"message":"The element is NOT visible. By.xpath: //h1[@class='Polaris-Header-Title']","trace":"java.lang.AssertionError: The element is NOT visible. By.xpath: //h1[@class='Polaris-Header-Title']\n\tat org.testng.Assert.fail(Assert.java:111)\n\tat org.pftest.keywords.WebUI.verifyElementVisible(WebUI.java:1946)\n\tat org.pftest.projects.CommonPage.verifyPageTitle(CommonPage.java:52)\n\tat org.pftest.projects.pages.pages.PageListingScreen.verifyPageListingLoaded(PageListingScreen.java:34)\n\tat org.pftest.projects.testcases.PageEditingTest.createNewPageFromBlank(PageEditingTest.java:46)\n\tat org.pftest.projects.testcases.PageEditingTest.createNewRegularPasswordPageFromBlank(PageEditingTest.java:110)\n\tat java.base/jdk.internal.reflect.DirectMethodHandleAccessor.invoke(DirectMethodHandleAccessor.java:103)\n\tat java.base/java.lang.reflect.Method.invoke(Method.java:580)\n\tat org.testng.internal.invokers.MethodInvocationHelper.invokeMethod(MethodInvocationHelper.java:141)\n\tat org.testng.internal.invokers.TestInvoker.invokeMethod(TestInvoker.java:686)\n\tat org.testng.internal.invokers.TestInvoker.invokeTestMethod(TestInvoker.java:230)\n\tat org.testng.internal.invokers.MethodRunner.runInSequence(MethodRunner.java:63)\n\tat org.testng.internal.invokers.TestInvoker$MethodInvocationAgent.invoke(TestInvoker.java:992)\n\tat org.testng.internal.invokers.TestInvoker.invokeTestMethods(TestInvoker.java:203)\n\tat org.testng.internal.invokers.TestMethodWorker.invokeTestMethods(TestMethodWorker.java:154)\n\tat org.testng.internal.invokers.TestMethodWorker.run(TestMethodWorker.java:134)\n\tat java.base/java.util.ArrayList.forEach(ArrayList.java:1596)\n\tat org.testng.TestRunner.privateRun(TestRunner.java:739)\n\tat org.testng.TestRunner.run(TestRunner.java:614)\n\tat org.testng.SuiteRunner.runTest(SuiteRunner.java:421)\n\tat org.testng.SuiteRunner.runSequentially(SuiteRunner.java:413)\n\tat org.testng.SuiteRunner.privateRun(SuiteRunner.java:373)\n\tat org.testng.SuiteRunner.run(SuiteRunner.java:312)\n\tat org.testng.SuiteRunnerWorker.runSuite(SuiteRunnerWorker.java:52)\n\tat org.testng.SuiteRunnerWorker.run(SuiteRunnerWorker.java:95)\n\tat org.testng.TestNG.runSuitesSequentially(TestNG.java:1274)\n\tat org.testng.TestNG.runSuitesLocally(TestNG.java:1208)\n\tat org.testng.TestNG.runSuites(TestNG.java:1112)\n\tat org.testng.TestNG.run(TestNG.java:1079)\n\tat com.intellij.rt.testng.IDEARemoteTestNG.run(IDEARemoteTestNG.java:65)\n\tat com.intellij.rt.testng.RemoteTestNGStarter.main(RemoteTestNGStarter.java:105)\n"},"stage":"finished","steps":[{"name":"Verify page title is Pages","status":"failed","statusDetails":{"known":false,"muted":false,"flaky":false,"message":"The element is NOT visible. By.xpath: //h1[@class='Polaris-Header-Title']","trace":"java.lang.AssertionError: The element is NOT visible. By.xpath: //h1[@class='Polaris-Header-Title']\n\tat org.testng.Assert.fail(Assert.java:111)\n\tat org.pftest.keywords.WebUI.verifyElementVisible(WebUI.java:1946)\n\tat org.pftest.projects.CommonPage.verifyPageTitle(CommonPage.java:52)\n\tat org.pftest.projects.pages.pages.PageListingScreen.verifyPageListingLoaded(PageListingScreen.java:34)\n\tat org.pftest.projects.testcases.PageEditingTest.createNewPageFromBlank(PageEditingTest.java:46)\n\tat org.pftest.projects.testcases.PageEditingTest.createNewRegularPasswordPageFromBlank(PageEditingTest.java:110)\n\tat java.base/jdk.internal.reflect.DirectMethodHandleAccessor.invoke(DirectMethodHandleAccessor.java:103)\n\tat java.base/java.lang.reflect.Method.invoke(Method.java:580)\n\tat org.testng.internal.invokers.MethodInvocationHelper.invokeMethod(MethodInvocationHelper.java:141)\n\tat org.testng.internal.invokers.TestInvoker.invokeMethod(TestInvoker.java:686)\n\tat org.testng.internal.invokers.TestInvoker.invokeTestMethod(TestInvoker.java:230)\n\tat org.testng.internal.invokers.MethodRunner.runInSequence(MethodRunner.java:63)\n\tat org.testng.internal.invokers.TestInvoker$MethodInvocationAgent.invoke(TestInvoker.java:992)\n\tat org.testng.internal.invokers.TestInvoker.invokeTestMethods(TestInvoker.java:203)\n\tat org.testng.internal.invokers.TestMethodWorker.invokeTestMethods(TestMethodWorker.java:154)\n\tat org.testng.internal.invokers.TestMethodWorker.run(TestMethodWorker.java:134)\n\tat java.base/java.util.ArrayList.forEach(ArrayList.java:1596)\n\tat org.testng.TestRunner.privateRun(TestRunner.java:739)\n\tat org.testng.TestRunner.run(TestRunner.java:614)\n\tat org.testng.SuiteRunner.runTest(SuiteRunner.java:421)\n\tat org.testng.SuiteRunner.runSequentially(SuiteRunner.java:413)\n\tat org.testng.SuiteRunner.privateRun(SuiteRunner.java:373)\n\tat org.testng.SuiteRunner.run(SuiteRunner.java:312)\n\tat org.testng.SuiteRunnerWorker.runSuite(SuiteRunnerWorker.java:52)\n\tat org.testng.SuiteRunnerWorker.run(SuiteRunnerWorker.java:95)\n\tat org.testng.TestNG.runSuitesSequentially(TestNG.java:1274)\n\tat org.testng.TestNG.runSuitesLocally(TestNG.java:1208)\n\tat org.testng.TestNG.runSuites(TestNG.java:1112)\n\tat org.testng.TestNG.run(TestNG.java:1079)\n\tat com.intellij.rt.testng.IDEARemoteTestNG.run(IDEARemoteTestNG.java:65)\n\tat com.intellij.rt.testng.RemoteTestNGStarter.main(RemoteTestNGStarter.java:105)\n"},"stage":"finished","steps":[{"name":"Verify element visible By.xpath: //h1[@class='Polaris-Header-Title']","status":"failed","statusDetails":{"known":false,"muted":false,"flaky":false,"message":"The element is NOT visible. By.xpath: //h1[@class='Polaris-Header-Title']","trace":"java.lang.AssertionError: The element is NOT visible. By.xpath: //h1[@class='Polaris-Header-Title']\n\tat org.testng.Assert.fail(Assert.java:111)\n\tat org.pftest.keywords.WebUI.verifyElementVisible(WebUI.java:1946)\n\tat org.pftest.projects.CommonPage.verifyPageTitle(CommonPage.java:52)\n\tat org.pftest.projects.pages.pages.PageListingScreen.verifyPageListingLoaded(PageListingScreen.java:34)\n\tat org.pftest.projects.testcases.PageEditingTest.createNewPageFromBlank(PageEditingTest.java:46)\n\tat org.pftest.projects.testcases.PageEditingTest.createNewRegularPasswordPageFromBlank(PageEditingTest.java:110)\n\tat java.base/jdk.internal.reflect.DirectMethodHandleAccessor.invoke(DirectMethodHandleAccessor.java:103)\n\tat java.base/java.lang.reflect.Method.invoke(Method.java:580)\n\tat org.testng.internal.invokers.MethodInvocationHelper.invokeMethod(MethodInvocationHelper.java:141)\n\tat org.testng.internal.invokers.TestInvoker.invokeMethod(TestInvoker.java:686)\n\tat org.testng.internal.invokers.TestInvoker.invokeTestMethod(TestInvoker.java:230)\n\tat org.testng.internal.invokers.MethodRunner.runInSequence(MethodRunner.java:63)\n\tat org.testng.internal.invokers.TestInvoker$MethodInvocationAgent.invoke(TestInvoker.java:992)\n\tat org.testng.internal.invokers.TestInvoker.invokeTestMethods(TestInvoker.java:203)\n\tat org.testng.internal.invokers.TestMethodWorker.invokeTestMethods(TestMethodWorker.java:154)\n\tat org.testng.internal.invokers.TestMethodWorker.run(TestMethodWorker.java:134)\n\tat java.base/java.util.ArrayList.forEach(ArrayList.java:1596)\n\tat org.testng.TestRunner.privateRun(TestRunner.java:739)\n\tat org.testng.TestRunner.run(TestRunner.java:614)\n\tat org.testng.SuiteRunner.runTest(SuiteRunner.java:421)\n\tat org.testng.SuiteRunner.runSequentially(SuiteRunner.java:413)\n\tat org.testng.SuiteRunner.privateRun(SuiteRunner.java:373)\n\tat org.testng.SuiteRunner.run(SuiteRunner.java:312)\n\tat org.testng.SuiteRunnerWorker.runSuite(SuiteRunnerWorker.java:52)\n\tat org.testng.SuiteRunnerWorker.run(SuiteRunnerWorker.java:95)\n\tat org.testng.TestNG.runSuitesSequentially(TestNG.java:1274)\n\tat org.testng.TestNG.runSuitesLocally(TestNG.java:1208)\n\tat org.testng.TestNG.runSuites(TestNG.java:1112)\n\tat org.testng.TestNG.run(TestNG.java:1079)\n\tat com.intellij.rt.testng.IDEARemoteTestNG.run(IDEARemoteTestNG.java:65)\n\tat com.intellij.rt.testng.RemoteTestNGStarter.main(RemoteTestNGStarter.java:105)\n"},"stage":"finished","steps":[],"attachments":[],"parameters":[{"name":"by","value":"By.xpath: //h1[@class='Polaris-Header-Title']"}],"start":1714728336817,"stop":1714728378760}],"attachments":[],"parameters":[{"name":"title","value":"Pages"}],"start":1714728336817,"stop":1714728378760}],"attachments":[],"parameters":[],"start":1714728336817,"stop":1714728378760}],"attachments":[],"parameters":[{"name":"pageType","value":"PAGE"}],"start":1714728333569,"stop":1714728378761}],"attachments":[],"parameters":[],"start":1714728333568,"stop":1714728378770}