{"uuid":"8cdd995a-7286-4376-84ab-7668aa3ae1bf","historyId":"3682c66fb484779a3f1b1b0b0249478d","fullName":"org.pftest.projects.testcases.PageEditingTest.showPageOutline","labels":[{"name":"package","value":"org.pftest.projects.testcases.PageEditingTest"},{"name":"testClass","value":"org.pftest.projects.testcases.PageEditingTest"},{"name":"testMethod","value":"showPageOutline"},{"name":"parentSuite","value":"Default Suite"},{"name":"suite","value":"pftest"},{"name":"subSuite","value":"org.pftest.projects.testcases.PageEditingTest"},{"name":"host","value":"MacBook-Pro-cua-quynhniee.local"},{"name":"thread","value":"21101@MacBook-Pro-cua-quynhniee.local.main(1)"},{"name":"framework","value":"testng"},{"name":"language","value":"java"},{"name":"epic","value":"Page Editing"}],"links":[],"name":"TC-032: User show page outline","status":"broken","statusDetails":{"known":false,"muted":false,"flaky":false,"message":"class java.util.LinkedHashMap cannot be cast to class org.openqa.selenium.Rectangle (java.util.LinkedHashMap is in module java.base of loader 'bootstrap'; org.openqa.selenium.Rectangle is in unnamed module of loader 'app')","trace":"java.lang.ClassCastException: class java.util.LinkedHashMap cannot be cast to class org.openqa.selenium.Rectangle (java.util.LinkedHashMap is in module java.base of loader 'bootstrap'; org.openqa.selenium.Rectangle is in unnamed module of loader 'app')\n\tat org.pftest.keywords.WebUI.getBoundingClientRect(WebUI.java:2742)\n\tat org.pftest.projects.pages.pages.EditorPage.togglePageOutlineAndCheckCanvasSize(EditorPage.java:128)\n\tat org.pftest.projects.testcases.PageEditingTest.showPageOutline(PageEditingTest.java:126)\n\tat java.base/jdk.internal.reflect.DirectMethodHandleAccessor.invoke(DirectMethodHandleAccessor.java:103)\n\tat java.base/java.lang.reflect.Method.invoke(Method.java:580)\n\tat org.testng.internal.invokers.MethodInvocationHelper.invokeMethod(MethodInvocationHelper.java:141)\n\tat org.testng.internal.invokers.TestInvoker.invokeMethod(TestInvoker.java:686)\n\tat org.testng.internal.invokers.TestInvoker.invokeTestMethod(TestInvoker.java:230)\n\tat org.testng.internal.invokers.MethodRunner.runInSequence(MethodRunner.java:63)\n\tat org.testng.internal.invokers.TestInvoker$MethodInvocationAgent.invoke(TestInvoker.java:992)\n\tat org.testng.internal.invokers.TestInvoker.invokeTestMethods(TestInvoker.java:203)\n\tat org.testng.internal.invokers.TestMethodWorker.invokeTestMethods(TestMethodWorker.java:154)\n\tat org.testng.internal.invokers.TestMethodWorker.run(TestMethodWorker.java:134)\n\tat java.base/java.util.ArrayList.forEach(ArrayList.java:1596)\n\tat org.testng.TestRunner.privateRun(TestRunner.java:739)\n\tat org.testng.TestRunner.run(TestRunner.java:614)\n\tat org.testng.SuiteRunner.runTest(SuiteRunner.java:421)\n\tat org.testng.SuiteRunner.runSequentially(SuiteRunner.java:413)\n\tat org.testng.SuiteRunner.privateRun(SuiteRunner.java:373)\n\tat org.testng.SuiteRunner.run(SuiteRunner.java:312)\n\tat org.testng.SuiteRunnerWorker.runSuite(SuiteRunnerWorker.java:52)\n\tat org.testng.SuiteRunnerWorker.run(SuiteRunnerWorker.java:95)\n\tat org.testng.TestNG.runSuitesSequentially(TestNG.java:1274)\n\tat org.testng.TestNG.runSuitesLocally(TestNG.java:1208)\n\tat org.testng.TestNG.runSuites(TestNG.java:1112)\n\tat org.testng.TestNG.run(TestNG.java:1079)\n\tat com.intellij.rt.testng.IDEARemoteTestNG.run(IDEARemoteTestNG.java:65)\n\tat com.intellij.rt.testng.RemoteTestNGStarter.main(RemoteTestNGStarter.java:105)\n"},"stage":"finished","steps":[{"name":"Open new PAGE page editor","status":"passed","stage":"finished","steps":[{"name":"Open website with URL https://admin.shopify.com/store/quynhquynhiee/apps/pageflybackend-9/editor?type=page&id=1944025c-659f-4094-a466-5b207c2e62fd","status":"passed","stage":"finished","steps":[],"attachments":[{"name":"Open website with URL: https://admin.shopify.com/store/quynhquynhiee/apps/pageflybackend-9/editor?type=page&id=1944025c-659f-4094-a466-5b207c2e62fd","source":"fb382b75-dfb1-47a9-99aa-dec5d789a83c-attachment","type":"text/plain"}],"parameters":[{"name":"URL","value":"https://admin.shopify.com/store/quynhquynhiee/apps/pageflybackend-9/editor?type=page&id=1944025c-659f-4094-a466-5b207c2e62fd"}],"start":1714960776463,"stop":1714960777366},{"name":"Switch to Frame by Name: app-iframe","status":"passed","stage":"finished","steps":[],"attachments":[],"parameters":[],"start":1714960777366,"stop":1714960779944}],"attachments":[],"parameters":[{"name":"pageType","value":"PAGE"}],"start":1714960776360,"stop":1714960779944},{"name":"Wait for the page to be loaded","status":"passed","stage":"finished","steps":[{"name":"Verify element visible By.id: editor-header-bar--page-title","status":"passed","stage":"finished","steps":[],"attachments":[],"parameters":[{"name":"by","value":"By.id: editor-header-bar--page-title"}],"start":1714960779944,"stop":1714960782640},{"name":"Verify element visible By.id: pf-sandbox","status":"passed","stage":"finished","steps":[],"attachments":[],"parameters":[{"name":"by","value":"By.id: pf-sandbox"}],"start":1714960782641,"stop":1714960783706},{"name":"Verify element visible By.id: editor--inspector","status":"passed","stage":"finished","steps":[],"attachments":[],"parameters":[{"name":"by","value":"By.id: editor--inspector"}],"start":1714960783706,"stop":1714960783819},{"name":"Verify element visible By.id: editor-header-bar","status":"passed","stage":"finished","steps":[],"attachments":[],"parameters":[{"name":"by","value":"By.id: editor-header-bar"}],"start":1714960783819,"stop":1714960783833}],"attachments":[],"parameters":[],"start":1714960779944,"stop":1714960783833},{"name":"Toggle Page Outline and check canvas size","status":"broken","statusDetails":{"known":false,"muted":false,"flaky":false,"message":"class java.util.LinkedHashMap cannot be cast to class org.openqa.selenium.Rectangle (java.util.LinkedHashMap is in module java.base of loader 'bootstrap'; org.openqa.selenium.Rectangle is in unnamed module of loader 'app')","trace":"java.lang.ClassCastException: class java.util.LinkedHashMap cannot be cast to class org.openqa.selenium.Rectangle (java.util.LinkedHashMap is in module java.base of loader 'bootstrap'; org.openqa.selenium.Rectangle is in unnamed module of loader 'app')\n\tat org.pftest.keywords.WebUI.getBoundingClientRect(WebUI.java:2742)\n\tat org.pftest.projects.pages.pages.EditorPage.togglePageOutlineAndCheckCanvasSize(EditorPage.java:128)\n\tat org.pftest.projects.testcases.PageEditingTest.showPageOutline(PageEditingTest.java:126)\n\tat java.base/jdk.internal.reflect.DirectMethodHandleAccessor.invoke(DirectMethodHandleAccessor.java:103)\n\tat java.base/java.lang.reflect.Method.invoke(Method.java:580)\n\tat org.testng.internal.invokers.MethodInvocationHelper.invokeMethod(MethodInvocationHelper.java:141)\n\tat org.testng.internal.invokers.TestInvoker.invokeMethod(TestInvoker.java:686)\n\tat org.testng.internal.invokers.TestInvoker.invokeTestMethod(TestInvoker.java:230)\n\tat org.testng.internal.invokers.MethodRunner.runInSequence(MethodRunner.java:63)\n\tat org.testng.internal.invokers.TestInvoker$MethodInvocationAgent.invoke(TestInvoker.java:992)\n\tat org.testng.internal.invokers.TestInvoker.invokeTestMethods(TestInvoker.java:203)\n\tat org.testng.internal.invokers.TestMethodWorker.invokeTestMethods(TestMethodWorker.java:154)\n\tat org.testng.internal.invokers.TestMethodWorker.run(TestMethodWorker.java:134)\n\tat java.base/java.util.ArrayList.forEach(ArrayList.java:1596)\n\tat org.testng.TestRunner.privateRun(TestRunner.java:739)\n\tat org.testng.TestRunner.run(TestRunner.java:614)\n\tat org.testng.SuiteRunner.runTest(SuiteRunner.java:421)\n\tat org.testng.SuiteRunner.runSequentially(SuiteRunner.java:413)\n\tat org.testng.SuiteRunner.privateRun(SuiteRunner.java:373)\n\tat org.testng.SuiteRunner.run(SuiteRunner.java:312)\n\tat org.testng.SuiteRunnerWorker.runSuite(SuiteRunnerWorker.java:52)\n\tat org.testng.SuiteRunnerWorker.run(SuiteRunnerWorker.java:95)\n\tat org.testng.TestNG.runSuitesSequentially(TestNG.java:1274)\n\tat org.testng.TestNG.runSuitesLocally(TestNG.java:1208)\n\tat org.testng.TestNG.runSuites(TestNG.java:1112)\n\tat org.testng.TestNG.run(TestNG.java:1079)\n\tat com.intellij.rt.testng.IDEARemoteTestNG.run(IDEARemoteTestNG.java:65)\n\tat com.intellij.rt.testng.RemoteTestNGStarter.main(RemoteTestNGStarter.java:105)\n"},"stage":"finished","steps":[{"name":"Hide Page Outline","status":"passed","stage":"finished","steps":[{"name":"Verify element visible By.id: page-outline-section","status":"passed","stage":"finished","steps":[],"attachments":[],"parameters":[{"name":"by","value":"By.id: page-outline-section"}],"start":1714960783834,"stop":1714960783846},{"name":"Click on the element By.xpath: //button[@id='outline--activator']","status":"passed","stage":"finished","steps":[{"name":"Verify element visible By.xpath: //button[@id='outline--activator']","status":"passed","stage":"finished","steps":[],"attachments":[],"parameters":[{"name":"by","value":"By.xpath: //button[@id='outline--activator']"},{"name":"timeout","value":"1"}],"start":1714960783859,"stop":1714960783869}],"attachments":[{"name":"Clicked on the element By.xpath: //button[@id='outline--activator']","source":"10a65fb9-1e16-46e2-bb39-6f5fb555cd35-attachment","type":"text/plain"}],"parameters":[{"name":"by","value":"By.xpath: //button[@id='outline--activator']"}],"start":1714960783846,"stop":1714960783923},{"name":"Verify element NOT visible By.id: page-outline-section","status":"passed","stage":"finished","steps":[],"attachments":[],"parameters":[{"name":"by","value":"By.id: page-outline-section"}],"start":1714960784428,"stop":1714960784971}],"attachments":[],"parameters":[],"start":1714960783834,"stop":1714960784971},{"name":"Get bounding rectangle of element By.id: pf-sandbox","status":"broken","statusDetails":{"known":false,"muted":false,"flaky":false,"message":"class java.util.LinkedHashMap cannot be cast to class org.openqa.selenium.Rectangle (java.util.LinkedHashMap is in module java.base of loader 'bootstrap'; org.openqa.selenium.Rectangle is in unnamed module of loader 'app')","trace":"java.lang.ClassCastException: class java.util.LinkedHashMap cannot be cast to class org.openqa.selenium.Rectangle (java.util.LinkedHashMap is in module java.base of loader 'bootstrap'; org.openqa.selenium.Rectangle is in unnamed module of loader 'app')\n\tat org.pftest.keywords.WebUI.getBoundingClientRect(WebUI.java:2742)\n\tat org.pftest.projects.pages.pages.EditorPage.togglePageOutlineAndCheckCanvasSize(EditorPage.java:128)\n\tat org.pftest.projects.testcases.PageEditingTest.showPageOutline(PageEditingTest.java:126)\n\tat java.base/jdk.internal.reflect.DirectMethodHandleAccessor.invoke(DirectMethodHandleAccessor.java:103)\n\tat java.base/java.lang.reflect.Method.invoke(Method.java:580)\n\tat org.testng.internal.invokers.MethodInvocationHelper.invokeMethod(MethodInvocationHelper.java:141)\n\tat org.testng.internal.invokers.TestInvoker.invokeMethod(TestInvoker.java:686)\n\tat org.testng.internal.invokers.TestInvoker.invokeTestMethod(TestInvoker.java:230)\n\tat org.testng.internal.invokers.MethodRunner.runInSequence(MethodRunner.java:63)\n\tat org.testng.internal.invokers.TestInvoker$MethodInvocationAgent.invoke(TestInvoker.java:992)\n\tat org.testng.internal.invokers.TestInvoker.invokeTestMethods(TestInvoker.java:203)\n\tat org.testng.internal.invokers.TestMethodWorker.invokeTestMethods(TestMethodWorker.java:154)\n\tat org.testng.internal.invokers.TestMethodWorker.run(TestMethodWorker.java:134)\n\tat java.base/java.util.ArrayList.forEach(ArrayList.java:1596)\n\tat org.testng.TestRunner.privateRun(TestRunner.java:739)\n\tat org.testng.TestRunner.run(TestRunner.java:614)\n\tat org.testng.SuiteRunner.runTest(SuiteRunner.java:421)\n\tat org.testng.SuiteRunner.runSequentially(SuiteRunner.java:413)\n\tat org.testng.SuiteRunner.privateRun(SuiteRunner.java:373)\n\tat org.testng.SuiteRunner.run(SuiteRunner.java:312)\n\tat org.testng.SuiteRunnerWorker.runSuite(SuiteRunnerWorker.java:52)\n\tat org.testng.SuiteRunnerWorker.run(SuiteRunnerWorker.java:95)\n\tat org.testng.TestNG.runSuitesSequentially(TestNG.java:1274)\n\tat org.testng.TestNG.runSuitesLocally(TestNG.java:1208)\n\tat org.testng.TestNG.runSuites(TestNG.java:1112)\n\tat org.testng.TestNG.run(TestNG.java:1079)\n\tat com.intellij.rt.testng.IDEARemoteTestNG.run(IDEARemoteTestNG.java:65)\n\tat com.intellij.rt.testng.RemoteTestNGStarter.main(RemoteTestNGStarter.java:105)\n"},"stage":"finished","steps":[{"name":"Verify element visible By.id: pf-sandbox","status":"passed","stage":"finished","steps":[],"attachments":[],"parameters":[{"name":"by","value":"By.id: pf-sandbox"},{"name":"timeout","value":"1"}],"start":1714960784983,"stop":1714960784996}],"attachments":[],"parameters":[{"name":"by","value":"By.id: pf-sandbox"}],"start":1714960784971,"stop":1714960785016}],"attachments":[],"parameters":[],"start":1714960783833,"stop":1714960785016}],"attachments":[],"parameters":[],"start":1714960776346,"stop":1714960785019}