{"uuid":"9d640ffc-b4b7-49f2-8573-55b52c3496fb","historyId":"663345a58c4e429edc3232763b629288","fullName":"org.pftest.projects.testcases.SampleTest.sampleTest","labels":[{"name":"package","value":"org.pftest.projects.testcases.SampleTest"},{"name":"testClass","value":"org.pftest.projects.testcases.SampleTest"},{"name":"testMethod","value":"sampleTest"},{"name":"parentSuite","value":"Default Suite"},{"name":"suite","value":"pftest"},{"name":"subSuite","value":"org.pftest.projects.testcases.SampleTest"},{"name":"host","value":"MacBook-Pro-cua-quynhniee.local"},{"name":"thread","value":"97941@MacBook-Pro-cua-quynhniee.local.main(1)"},{"name":"framework","value":"testng"},{"name":"language","value":"java"},{"name":"feature","value":"Sample Test Feature"},{"name":"epic","value":"Sample Test"}],"links":[],"name":"sampleTest","status":"failed","statusDetails":{"known":false,"muted":false,"flaky":false,"message":"Timeout waiting for the element Visible. By.tagName: input","trace":"java.lang.AssertionError: Timeout waiting for the element Visible. By.tagName: input\n\tat org.testng.Assert.fail(Assert.java:111)\n\tat org.pftest.keywords.WebUI.waitForElementVisible(WebUI.java:3039)\n\tat org.pftest.keywords.WebUI.clickElement(WebUI.java:2710)\n\tat org.pftest.keywords.WebUI.clearAndFillTextNotReachableByKeyboard(WebUI.java:2668)\n\tat org.pftest.projects.pages.pages.EditorPage.openHomePage(EditorPage.java:28)\n\tat org.pftest.projects.testcases.SampleTest.sampleTest(SampleTest.java:14)\n\tat java.base/jdk.internal.reflect.DirectMethodHandleAccessor.invoke(DirectMethodHandleAccessor.java:103)\n\tat java.base/java.lang.reflect.Method.invoke(Method.java:580)\n\tat org.testng.internal.invokers.MethodInvocationHelper.invokeMethod(MethodInvocationHelper.java:141)\n\tat org.testng.internal.invokers.TestInvoker.invokeMethod(TestInvoker.java:686)\n\tat org.testng.internal.invokers.TestInvoker.invokeTestMethod(TestInvoker.java:230)\n\tat org.testng.internal.invokers.MethodRunner.runInSequence(MethodRunner.java:63)\n\tat org.testng.internal.invokers.TestInvoker$MethodInvocationAgent.invoke(TestInvoker.java:992)\n\tat org.testng.internal.invokers.TestInvoker.invokeTestMethods(TestInvoker.java:203)\n\tat org.testng.internal.invokers.TestMethodWorker.invokeTestMethods(TestMethodWorker.java:154)\n\tat org.testng.internal.invokers.TestMethodWorker.run(TestMethodWorker.java:134)\n\tat java.base/java.util.ArrayList.forEach(ArrayList.java:1596)\n\tat org.testng.TestRunner.privateRun(TestRunner.java:739)\n\tat org.testng.TestRunner.run(TestRunner.java:614)\n\tat org.testng.SuiteRunner.runTest(SuiteRunner.java:421)\n\tat org.testng.SuiteRunner.runSequentially(SuiteRunner.java:413)\n\tat org.testng.SuiteRunner.privateRun(SuiteRunner.java:373)\n\tat org.testng.SuiteRunner.run(SuiteRunner.java:312)\n\tat org.testng.SuiteRunnerWorker.runSuite(SuiteRunnerWorker.java:52)\n\tat org.testng.SuiteRunnerWorker.run(SuiteRunnerWorker.java:95)\n\tat org.testng.TestNG.runSuitesSequentially(TestNG.java:1274)\n\tat org.testng.TestNG.runSuitesLocally(TestNG.java:1208)\n\tat org.testng.TestNG.runSuites(TestNG.java:1112)\n\tat org.testng.TestNG.run(TestNG.java:1079)\n\tat com.intellij.rt.testng.IDEARemoteTestNG.run(IDEARemoteTestNG.java:65)\n\tat com.intellij.rt.testng.RemoteTestNGStarter.main(RemoteTestNGStarter.java:105)\n"},"stage":"finished","steps":[{"name":"Open website with URL https://admin.shopify.com/store/quynhquynhiee/apps/pageflybackend-9/editor?type=home&id=26ac84b3-ef01-4f48-aec3-1ee5bc1c0c01","status":"passed","stage":"finished","steps":[],"attachments":[{"name":"Open website with URL: https://admin.shopify.com/store/quynhquynhiee/apps/pageflybackend-9/editor?type=home&id=26ac84b3-ef01-4f48-aec3-1ee5bc1c0c01","source":"bf1166c3-377b-4716-aacc-e990f5243f1d-attachment","type":"text/plain"}],"parameters":[{"name":"URL","value":"https://admin.shopify.com/store/quynhquynhiee/apps/pageflybackend-9/editor?type=home&id=26ac84b3-ef01-4f48-aec3-1ee5bc1c0c01"}],"start":1714145783102,"stop":1714145784604},{"name":"Switch to Frame by Name: app-iframe","status":"passed","stage":"finished","steps":[],"attachments":[],"parameters":[],"start":1714145784604,"stop":1714145788961},{"name":"Clear and Fill text on element not reachable by keyboard","status":"failed","statusDetails":{"known":false,"muted":false,"flaky":false,"message":"Timeout waiting for the element Visible. By.tagName: input","trace":"java.lang.AssertionError: Timeout waiting for the element Visible. By.tagName: input\n\tat org.testng.Assert.fail(Assert.java:111)\n\tat org.pftest.keywords.WebUI.waitForElementVisible(WebUI.java:3039)\n\tat org.pftest.keywords.WebUI.clickElement(WebUI.java:2710)\n\tat org.pftest.keywords.WebUI.clearAndFillTextNotReachableByKeyboard(WebUI.java:2668)\n\tat org.pftest.projects.pages.pages.EditorPage.openHomePage(EditorPage.java:28)\n\tat org.pftest.projects.testcases.SampleTest.sampleTest(SampleTest.java:14)\n\tat java.base/jdk.internal.reflect.DirectMethodHandleAccessor.invoke(DirectMethodHandleAccessor.java:103)\n\tat java.base/java.lang.reflect.Method.invoke(Method.java:580)\n\tat org.testng.internal.invokers.MethodInvocationHelper.invokeMethod(MethodInvocationHelper.java:141)\n\tat org.testng.internal.invokers.TestInvoker.invokeMethod(TestInvoker.java:686)\n\tat org.testng.internal.invokers.TestInvoker.invokeTestMethod(TestInvoker.java:230)\n\tat org.testng.internal.invokers.MethodRunner.runInSequence(MethodRunner.java:63)\n\tat org.testng.internal.invokers.TestInvoker$MethodInvocationAgent.invoke(TestInvoker.java:992)\n\tat org.testng.internal.invokers.TestInvoker.invokeTestMethods(TestInvoker.java:203)\n\tat org.testng.internal.invokers.TestMethodWorker.invokeTestMethods(TestMethodWorker.java:154)\n\tat org.testng.internal.invokers.TestMethodWorker.run(TestMethodWorker.java:134)\n\tat java.base/java.util.ArrayList.forEach(ArrayList.java:1596)\n\tat org.testng.TestRunner.privateRun(TestRunner.java:739)\n\tat org.testng.TestRunner.run(TestRunner.java:614)\n\tat org.testng.SuiteRunner.runTest(SuiteRunner.java:421)\n\tat org.testng.SuiteRunner.runSequentially(SuiteRunner.java:413)\n\tat org.testng.SuiteRunner.privateRun(SuiteRunner.java:373)\n\tat org.testng.SuiteRunner.run(SuiteRunner.java:312)\n\tat org.testng.SuiteRunnerWorker.runSuite(SuiteRunnerWorker.java:52)\n\tat org.testng.SuiteRunnerWorker.run(SuiteRunnerWorker.java:95)\n\tat org.testng.TestNG.runSuitesSequentially(TestNG.java:1274)\n\tat org.testng.TestNG.runSuitesLocally(TestNG.java:1208)\n\tat org.testng.TestNG.runSuites(TestNG.java:1112)\n\tat org.testng.TestNG.run(TestNG.java:1079)\n\tat com.intellij.rt.testng.IDEARemoteTestNG.run(IDEARemoteTestNG.java:65)\n\tat com.intellij.rt.testng.RemoteTestNGStarter.main(RemoteTestNGStarter.java:105)\n"},"stage":"finished","steps":[{"name":"Click on the element By.tagName: input","status":"failed","statusDetails":{"known":false,"muted":false,"flaky":false,"message":"Timeout waiting for the element Visible. By.tagName: input","trace":"java.lang.AssertionError: Timeout waiting for the element Visible. By.tagName: input\n\tat org.testng.Assert.fail(Assert.java:111)\n\tat org.pftest.keywords.WebUI.waitForElementVisible(WebUI.java:3039)\n\tat org.pftest.keywords.WebUI.clickElement(WebUI.java:2710)\n\tat org.pftest.keywords.WebUI.clearAndFillTextNotReachableByKeyboard(WebUI.java:2668)\n\tat org.pftest.projects.pages.pages.EditorPage.openHomePage(EditorPage.java:28)\n\tat org.pftest.projects.testcases.SampleTest.sampleTest(SampleTest.java:14)\n\tat java.base/jdk.internal.reflect.DirectMethodHandleAccessor.invoke(DirectMethodHandleAccessor.java:103)\n\tat java.base/java.lang.reflect.Method.invoke(Method.java:580)\n\tat org.testng.internal.invokers.MethodInvocationHelper.invokeMethod(MethodInvocationHelper.java:141)\n\tat org.testng.internal.invokers.TestInvoker.invokeMethod(TestInvoker.java:686)\n\tat org.testng.internal.invokers.TestInvoker.invokeTestMethod(TestInvoker.java:230)\n\tat org.testng.internal.invokers.MethodRunner.runInSequence(MethodRunner.java:63)\n\tat org.testng.internal.invokers.TestInvoker$MethodInvocationAgent.invoke(TestInvoker.java:992)\n\tat org.testng.internal.invokers.TestInvoker.invokeTestMethods(TestInvoker.java:203)\n\tat org.testng.internal.invokers.TestMethodWorker.invokeTestMethods(TestMethodWorker.java:154)\n\tat org.testng.internal.invokers.TestMethodWorker.run(TestMethodWorker.java:134)\n\tat java.base/java.util.ArrayList.forEach(ArrayList.java:1596)\n\tat org.testng.TestRunner.privateRun(TestRunner.java:739)\n\tat org.testng.TestRunner.run(TestRunner.java:614)\n\tat org.testng.SuiteRunner.runTest(SuiteRunner.java:421)\n\tat org.testng.SuiteRunner.runSequentially(SuiteRunner.java:413)\n\tat org.testng.SuiteRunner.privateRun(SuiteRunner.java:373)\n\tat org.testng.SuiteRunner.run(SuiteRunner.java:312)\n\tat org.testng.SuiteRunnerWorker.runSuite(SuiteRunnerWorker.java:52)\n\tat org.testng.SuiteRunnerWorker.run(SuiteRunnerWorker.java:95)\n\tat org.testng.TestNG.runSuitesSequentially(TestNG.java:1274)\n\tat org.testng.TestNG.runSuitesLocally(TestNG.java:1208)\n\tat org.testng.TestNG.runSuites(TestNG.java:1112)\n\tat org.testng.TestNG.run(TestNG.java:1079)\n\tat com.intellij.rt.testng.IDEARemoteTestNG.run(IDEARemoteTestNG.java:65)\n\tat com.intellij.rt.testng.RemoteTestNGStarter.main(RemoteTestNGStarter.java:105)\n"},"stage":"finished","steps":[{"name":"Verify element visible By.tagName: input","status":"passed","stage":"finished","steps":[],"attachments":[],"parameters":[{"name":"by","value":"By.tagName: input"},{"name":"timeout","value":"1"}],"start":1714145792111,"stop":1714145793173},{"name":"Scroll to element By.tagName: input","status":"passed","stage":"finished","steps":[],"attachments":[],"parameters":[{"name":"by","value":"By.tagName: input"}],"start":1714145793173,"stop":1714145793186}],"attachments":[],"parameters":[{"name":"by","value":"By.tagName: input"}],"start":1714145788962,"stop":1714145803720}],"attachments":[],"parameters":[{"name":"by","value":"By.tagName: input"},{"name":"value","value":"Test"}],"start":1714145788962,"stop":1714145803720}],"attachments":[],"parameters":[],"start":1714145782931,"stop":1714145803722}