{"uuid":"ce4ee418-6e19-4fc6-9196-e6dca192568d","historyId":"663345a58c4e429edc3232763b629288","fullName":"org.pftest.projects.testcases.SampleTest.sampleTest","labels":[{"name":"package","value":"org.pftest.projects.testcases.SampleTest"},{"name":"testClass","value":"org.pftest.projects.testcases.SampleTest"},{"name":"testMethod","value":"sampleTest"},{"name":"parentSuite","value":"Default Suite"},{"name":"suite","value":"pftest"},{"name":"subSuite","value":"org.pftest.projects.testcases.SampleTest"},{"name":"host","value":"MacBook-Pro-cua-quynhniee.local"},{"name":"thread","value":"83755@MacBook-Pro-cua-quynhniee.local.main(1)"},{"name":"framework","value":"testng"},{"name":"language","value":"java"},{"name":"feature","value":"Sample Test Feature"},{"name":"epic","value":"Sample Test"}],"links":[],"name":"sampleTest","status":"failed","statusDetails":{"known":false,"muted":false,"flaky":false,"message":"The element is NOT visible. By.id: editor-dnd-wrapper","trace":"java.lang.AssertionError: The element is NOT visible. By.id: editor-dnd-wrapper\n\tat org.testng.Assert.fail(Assert.java:111)\n\tat org.pftest.keywords.WebUI.verifyElementVisible(WebUI.java:1937)\n\tat org.pftest.projects.pages.pages.EditorPage.waitForPageLoaded(EditorPage.java:42)\n\tat org.pftest.projects.testcases.SampleTest.sampleTest(SampleTest.java:17)\n\tat java.base/jdk.internal.reflect.DirectMethodHandleAccessor.invoke(DirectMethodHandleAccessor.java:103)\n\tat java.base/java.lang.reflect.Method.invoke(Method.java:580)\n\tat org.testng.internal.invokers.MethodInvocationHelper.invokeMethod(MethodInvocationHelper.java:141)\n\tat org.testng.internal.invokers.TestInvoker.invokeMethod(TestInvoker.java:686)\n\tat org.testng.internal.invokers.TestInvoker.invokeTestMethod(TestInvoker.java:230)\n\tat org.testng.internal.invokers.MethodRunner.runInSequence(MethodRunner.java:63)\n\tat org.testng.internal.invokers.TestInvoker$MethodInvocationAgent.invoke(TestInvoker.java:992)\n\tat org.testng.internal.invokers.TestInvoker.invokeTestMethods(TestInvoker.java:203)\n\tat org.testng.internal.invokers.TestMethodWorker.invokeTestMethods(TestMethodWorker.java:154)\n\tat org.testng.internal.invokers.TestMethodWorker.run(TestMethodWorker.java:134)\n\tat java.base/java.util.ArrayList.forEach(ArrayList.java:1596)\n\tat org.testng.TestRunner.privateRun(TestRunner.java:739)\n\tat org.testng.TestRunner.run(TestRunner.java:614)\n\tat org.testng.SuiteRunner.runTest(SuiteRunner.java:421)\n\tat org.testng.SuiteRunner.runSequentially(SuiteRunner.java:413)\n\tat org.testng.SuiteRunner.privateRun(SuiteRunner.java:373)\n\tat org.testng.SuiteRunner.run(SuiteRunner.java:312)\n\tat org.testng.SuiteRunnerWorker.runSuite(SuiteRunnerWorker.java:52)\n\tat org.testng.SuiteRunnerWorker.run(SuiteRunnerWorker.java:95)\n\tat org.testng.TestNG.runSuitesSequentially(TestNG.java:1274)\n\tat org.testng.TestNG.runSuitesLocally(TestNG.java:1208)\n\tat org.testng.TestNG.runSuites(TestNG.java:1112)\n\tat org.testng.TestNG.run(TestNG.java:1079)\n\tat com.intellij.rt.testng.IDEARemoteTestNG.run(IDEARemoteTestNG.java:65)\n\tat com.intellij.rt.testng.RemoteTestNGStarter.main(RemoteTestNGStarter.java:105)\n"},"stage":"finished","steps":[{"name":"Open website with URL https://admin.shopify.com/store/quynhquynhiee/apps/pageflybackend-9/pages","status":"passed","stage":"finished","steps":[],"attachments":[{"name":"Open website with URL: https://admin.shopify.com/store/quynhquynhiee/apps/pageflybackend-9/pages","source":"9c2f010b-b6a9-4da4-905c-8f6a82b4f0f9-attachment","type":"text/plain"}],"parameters":[{"name":"URL","value":"https://admin.shopify.com/store/quynhquynhiee/apps/pageflybackend-9/pages"}],"start":1714640200961,"stop":1714640201825},{"name":"Switch to Frame by Name: app-iframe","status":"passed","stage":"finished","steps":[],"attachments":[],"parameters":[],"start":1714640201826,"stop":1714640204070},{"name":"Create a new PRODUCT page from blank","status":"passed","stage":"finished","steps":[{"name":"Click on the element By.xpath: //*/button/span[text()='Create blank page']","status":"passed","stage":"finished","steps":[{"name":"Verify element visible By.xpath: //*/button/span[text()='Create blank page']","status":"passed","stage":"finished","steps":[],"attachments":[],"parameters":[{"name":"by","value":"By.xpath: //*/button/span[text()='Create blank page']"},{"name":"timeout","value":"1"}],"start":1714640206698,"stop":1714640206723}],"attachments":[{"name":"Clicked on the element By.xpath: //*/button/span[text()='Create blank page']","source":"16c6cfb8-04ff-4070-be10-1bf42d366c24-attachment","type":"text/plain"}],"parameters":[{"name":"by","value":"By.xpath: //*/button/span[text()='Create blank page']"}],"start":1714640204071,"stop":1714640206822},{"name":"Click on the element By.id: product-blank","status":"passed","stage":"finished","steps":[{"name":"Verify element visible By.id: product-blank","status":"passed","stage":"finished","steps":[],"attachments":[],"parameters":[{"name":"by","value":"By.id: product-blank"},{"name":"timeout","value":"1"}],"start":1714640206856,"stop":1714640206874}],"attachments":[{"name":"Clicked on the element By.id: product-blank","source":"06bee51a-091b-44c5-a6ff-487c883172ed-attachment","type":"text/plain"}],"parameters":[{"name":"by","value":"By.id: product-blank"}],"start":1714640206824,"stop":1714640206950}],"attachments":[],"parameters":[{"name":"pageType","value":"PRODUCT"}],"start":1714640204071,"stop":1714640206950},{"name":"Wait for the page to be loaded","status":"failed","statusDetails":{"known":false,"muted":false,"flaky":false,"message":"The element is NOT visible. By.id: editor-dnd-wrapper","trace":"java.lang.AssertionError: The element is NOT visible. By.id: editor-dnd-wrapper\n\tat org.testng.Assert.fail(Assert.java:111)\n\tat org.pftest.keywords.WebUI.verifyElementVisible(WebUI.java:1937)\n\tat org.pftest.projects.pages.pages.EditorPage.waitForPageLoaded(EditorPage.java:42)\n\tat org.pftest.projects.testcases.SampleTest.sampleTest(SampleTest.java:17)\n\tat java.base/jdk.internal.reflect.DirectMethodHandleAccessor.invoke(DirectMethodHandleAccessor.java:103)\n\tat java.base/java.lang.reflect.Method.invoke(Method.java:580)\n\tat org.testng.internal.invokers.MethodInvocationHelper.invokeMethod(MethodInvocationHelper.java:141)\n\tat org.testng.internal.invokers.TestInvoker.invokeMethod(TestInvoker.java:686)\n\tat org.testng.internal.invokers.TestInvoker.invokeTestMethod(TestInvoker.java:230)\n\tat org.testng.internal.invokers.MethodRunner.runInSequence(MethodRunner.java:63)\n\tat org.testng.internal.invokers.TestInvoker$MethodInvocationAgent.invoke(TestInvoker.java:992)\n\tat org.testng.internal.invokers.TestInvoker.invokeTestMethods(TestInvoker.java:203)\n\tat org.testng.internal.invokers.TestMethodWorker.invokeTestMethods(TestMethodWorker.java:154)\n\tat org.testng.internal.invokers.TestMethodWorker.run(TestMethodWorker.java:134)\n\tat java.base/java.util.ArrayList.forEach(ArrayList.java:1596)\n\tat org.testng.TestRunner.privateRun(TestRunner.java:739)\n\tat org.testng.TestRunner.run(TestRunner.java:614)\n\tat org.testng.SuiteRunner.runTest(SuiteRunner.java:421)\n\tat org.testng.SuiteRunner.runSequentially(SuiteRunner.java:413)\n\tat org.testng.SuiteRunner.privateRun(SuiteRunner.java:373)\n\tat org.testng.SuiteRunner.run(SuiteRunner.java:312)\n\tat org.testng.SuiteRunnerWorker.runSuite(SuiteRunnerWorker.java:52)\n\tat org.testng.SuiteRunnerWorker.run(SuiteRunnerWorker.java:95)\n\tat org.testng.TestNG.runSuitesSequentially(TestNG.java:1274)\n\tat org.testng.TestNG.runSuitesLocally(TestNG.java:1208)\n\tat org.testng.TestNG.runSuites(TestNG.java:1112)\n\tat org.testng.TestNG.run(TestNG.java:1079)\n\tat com.intellij.rt.testng.IDEARemoteTestNG.run(IDEARemoteTestNG.java:65)\n\tat com.intellij.rt.testng.RemoteTestNGStarter.main(RemoteTestNGStarter.java:105)\n"},"stage":"finished","steps":[{"name":"Verify element visible By.id: editor-header-bar--page-title","status":"passed","stage":"finished","steps":[],"attachments":[],"parameters":[{"name":"by","value":"By.id: editor-header-bar--page-title"}],"start":1714640206951,"stop":1714640207524},{"name":"Verify element visible By.id: editor-dnd-wrapper","status":"failed","statusDetails":{"known":false,"muted":false,"flaky":false,"message":"The element is NOT visible. By.id: editor-dnd-wrapper","trace":"java.lang.AssertionError: The element is NOT visible. By.id: editor-dnd-wrapper\n\tat org.testng.Assert.fail(Assert.java:111)\n\tat org.pftest.keywords.WebUI.verifyElementVisible(WebUI.java:1937)\n\tat org.pftest.projects.pages.pages.EditorPage.waitForPageLoaded(EditorPage.java:42)\n\tat org.pftest.projects.testcases.SampleTest.sampleTest(SampleTest.java:17)\n\tat java.base/jdk.internal.reflect.DirectMethodHandleAccessor.invoke(DirectMethodHandleAccessor.java:103)\n\tat java.base/java.lang.reflect.Method.invoke(Method.java:580)\n\tat org.testng.internal.invokers.MethodInvocationHelper.invokeMethod(MethodInvocationHelper.java:141)\n\tat org.testng.internal.invokers.TestInvoker.invokeMethod(TestInvoker.java:686)\n\tat org.testng.internal.invokers.TestInvoker.invokeTestMethod(TestInvoker.java:230)\n\tat org.testng.internal.invokers.MethodRunner.runInSequence(MethodRunner.java:63)\n\tat org.testng.internal.invokers.TestInvoker$MethodInvocationAgent.invoke(TestInvoker.java:992)\n\tat org.testng.internal.invokers.TestInvoker.invokeTestMethods(TestInvoker.java:203)\n\tat org.testng.internal.invokers.TestMethodWorker.invokeTestMethods(TestMethodWorker.java:154)\n\tat org.testng.internal.invokers.TestMethodWorker.run(TestMethodWorker.java:134)\n\tat java.base/java.util.ArrayList.forEach(ArrayList.java:1596)\n\tat org.testng.TestRunner.privateRun(TestRunner.java:739)\n\tat org.testng.TestRunner.run(TestRunner.java:614)\n\tat org.testng.SuiteRunner.runTest(SuiteRunner.java:421)\n\tat org.testng.SuiteRunner.runSequentially(SuiteRunner.java:413)\n\tat org.testng.SuiteRunner.privateRun(SuiteRunner.java:373)\n\tat org.testng.SuiteRunner.run(SuiteRunner.java:312)\n\tat org.testng.SuiteRunnerWorker.runSuite(SuiteRunnerWorker.java:52)\n\tat org.testng.SuiteRunnerWorker.run(SuiteRunnerWorker.java:95)\n\tat org.testng.TestNG.runSuitesSequentially(TestNG.java:1274)\n\tat org.testng.TestNG.runSuitesLocally(TestNG.java:1208)\n\tat org.testng.TestNG.runSuites(TestNG.java:1112)\n\tat org.testng.TestNG.run(TestNG.java:1079)\n\tat com.intellij.rt.testng.IDEARemoteTestNG.run(IDEARemoteTestNG.java:65)\n\tat com.intellij.rt.testng.RemoteTestNGStarter.main(RemoteTestNGStarter.java:105)\n"},"stage":"finished","steps":[],"attachments":[],"parameters":[{"name":"by","value":"By.id: editor-dnd-wrapper"}],"start":1714640207524,"stop":1714640217855}],"attachments":[],"parameters":[],"start":1714640206951,"stop":1714640217855}],"attachments":[],"parameters":[],"start":1714640200788,"stop":1714640217858}