{"uuid":"40231bdd-ece2-4784-8827-d93ca6036809","historyId":"746ee3f818548aeb8159d4f4e05275b2","fullName":"org.pftest.projects.testcases.SectionListingTest.createSectionFromTemplate","labels":[{"name":"package","value":"org.pftest.projects.testcases.SectionListingTest"},{"name":"testClass","value":"org.pftest.projects.testcases.SectionListingTest"},{"name":"testMethod","value":"createSectionFromTemplate"},{"name":"parentSuite","value":"Default Suite"},{"name":"suite","value":"pfcompany"},{"name":"subSuite","value":"org.pftest.projects.testcases.SectionListingTest"},{"name":"host","value":"MacBook-Pro-cua-quynhniee.local"},{"name":"thread","value":"40286@MacBook-Pro-cua-quynhniee.local.main(1)"},{"name":"framework","value":"testng"},{"name":"language","value":"java"},{"name":"epic","value":"Page Editing"}],"links":[],"name":"TC-018: Create a new section from template","status":"failed","statusDetails":{"known":false,"muted":false,"flaky":false,"message":"Timeout waiting for the element Visible. By.xpath: (//div[@class='template-card__action']//button/*[text()='Select'])[4]","trace":"java.lang.AssertionError: Timeout waiting for the element Visible. By.xpath: (//div[@class='template-card__action']//button/*[text()='Select'])[4]\n\tat org.testng.Assert.fail(Assert.java:111)\n\tat org.pftest.keywords.WebUI.waitForElementVisible(WebUI.java:3086)\n\tat org.pftest.keywords.WebUI.clickElement(WebUI.java:2760)\n\tat org.pftest.projects.pages.pages.SectionListingScreen.createSectionFromTemplate(SectionListingScreen.java:66)\n\tat org.pftest.projects.testcases.SectionListingTest.createSectionFromTemplateAndSaveAndPublish(SectionListingTest.java:35)\n\tat org.pftest.projects.testcases.SectionListingTest.createSectionFromTemplate(SectionListingTest.java:56)\n\tat java.base/jdk.internal.reflect.DirectMethodHandleAccessor.invoke(DirectMethodHandleAccessor.java:103)\n\tat java.base/java.lang.reflect.Method.invoke(Method.java:580)\n\tat org.testng.internal.invokers.MethodInvocationHelper.invokeMethod(MethodInvocationHelper.java:141)\n\tat org.testng.internal.invokers.TestInvoker.invokeMethod(TestInvoker.java:686)\n\tat org.testng.internal.invokers.TestInvoker.invokeTestMethod(TestInvoker.java:230)\n\tat org.testng.internal.invokers.MethodRunner.runInSequence(MethodRunner.java:63)\n\tat org.testng.internal.invokers.TestInvoker$MethodInvocationAgent.invoke(TestInvoker.java:992)\n\tat org.testng.internal.invokers.TestInvoker.invokeTestMethods(TestInvoker.java:203)\n\tat org.testng.internal.invokers.TestMethodWorker.invokeTestMethods(TestMethodWorker.java:154)\n\tat org.testng.internal.invokers.TestMethodWorker.run(TestMethodWorker.java:134)\n\tat java.base/java.util.ArrayList.forEach(ArrayList.java:1596)\n\tat org.testng.TestRunner.privateRun(TestRunner.java:739)\n\tat org.testng.TestRunner.run(TestRunner.java:614)\n\tat org.testng.SuiteRunner.runTest(SuiteRunner.java:421)\n\tat org.testng.SuiteRunner.runSequentially(SuiteRunner.java:413)\n\tat org.testng.SuiteRunner.privateRun(SuiteRunner.java:373)\n\tat org.testng.SuiteRunner.run(SuiteRunner.java:312)\n\tat org.testng.SuiteRunnerWorker.runSuite(SuiteRunnerWorker.java:52)\n\tat org.testng.SuiteRunnerWorker.run(SuiteRunnerWorker.java:95)\n\tat org.testng.TestNG.runSuitesSequentially(TestNG.java:1274)\n\tat org.testng.TestNG.runSuitesLocally(TestNG.java:1208)\n\tat org.testng.TestNG.runSuites(TestNG.java:1112)\n\tat org.testng.TestNG.run(TestNG.java:1079)\n\tat com.intellij.rt.testng.IDEARemoteTestNG.run(IDEARemoteTestNG.java:65)\n\tat com.intellij.rt.testng.RemoteTestNGStarter.main(RemoteTestNGStarter.java:105)\n"},"stage":"finished","steps":[{"name":"Create a new section from template and save and publish successfully","status":"failed","statusDetails":{"known":false,"muted":false,"flaky":false,"message":"Timeout waiting for the element Visible. By.xpath: (//div[@class='template-card__action']//button/*[text()='Select'])[4]","trace":"java.lang.AssertionError: Timeout waiting for the element Visible. By.xpath: (//div[@class='template-card__action']//button/*[text()='Select'])[4]\n\tat org.testng.Assert.fail(Assert.java:111)\n\tat org.pftest.keywords.WebUI.waitForElementVisible(WebUI.java:3086)\n\tat org.pftest.keywords.WebUI.clickElement(WebUI.java:2760)\n\tat org.pftest.projects.pages.pages.SectionListingScreen.createSectionFromTemplate(SectionListingScreen.java:66)\n\tat org.pftest.projects.testcases.SectionListingTest.createSectionFromTemplateAndSaveAndPublish(SectionListingTest.java:35)\n\tat org.pftest.projects.testcases.SectionListingTest.createSectionFromTemplate(SectionListingTest.java:56)\n\tat java.base/jdk.internal.reflect.DirectMethodHandleAccessor.invoke(DirectMethodHandleAccessor.java:103)\n\tat java.base/java.lang.reflect.Method.invoke(Method.java:580)\n\tat org.testng.internal.invokers.MethodInvocationHelper.invokeMethod(MethodInvocationHelper.java:141)\n\tat org.testng.internal.invokers.TestInvoker.invokeMethod(TestInvoker.java:686)\n\tat org.testng.internal.invokers.TestInvoker.invokeTestMethod(TestInvoker.java:230)\n\tat org.testng.internal.invokers.MethodRunner.runInSequence(MethodRunner.java:63)\n\tat org.testng.internal.invokers.TestInvoker$MethodInvocationAgent.invoke(TestInvoker.java:992)\n\tat org.testng.internal.invokers.TestInvoker.invokeTestMethods(TestInvoker.java:203)\n\tat org.testng.internal.invokers.TestMethodWorker.invokeTestMethods(TestMethodWorker.java:154)\n\tat org.testng.internal.invokers.TestMethodWorker.run(TestMethodWorker.java:134)\n\tat java.base/java.util.ArrayList.forEach(ArrayList.java:1596)\n\tat org.testng.TestRunner.privateRun(TestRunner.java:739)\n\tat org.testng.TestRunner.run(TestRunner.java:614)\n\tat org.testng.SuiteRunner.runTest(SuiteRunner.java:421)\n\tat org.testng.SuiteRunner.runSequentially(SuiteRunner.java:413)\n\tat org.testng.SuiteRunner.privateRun(SuiteRunner.java:373)\n\tat org.testng.SuiteRunner.run(SuiteRunner.java:312)\n\tat org.testng.SuiteRunnerWorker.runSuite(SuiteRunnerWorker.java:52)\n\tat org.testng.SuiteRunnerWorker.run(SuiteRunnerWorker.java:95)\n\tat org.testng.TestNG.runSuitesSequentially(TestNG.java:1274)\n\tat org.testng.TestNG.runSuitesLocally(TestNG.java:1208)\n\tat org.testng.TestNG.runSuites(TestNG.java:1112)\n\tat org.testng.TestNG.run(TestNG.java:1079)\n\tat com.intellij.rt.testng.IDEARemoteTestNG.run(IDEARemoteTestNG.java:65)\n\tat com.intellij.rt.testng.RemoteTestNGStarter.main(RemoteTestNGStarter.java:105)\n"},"stage":"finished","steps":[{"name":"Open website with URL https://admin.shopify.com/store/quynhquynhiee/apps/rc-pagefly-1/sections","status":"passed","stage":"finished","steps":[],"attachments":[{"name":"Open website with URL: https://admin.shopify.com/store/quynhquynhiee/apps/rc-pagefly-1/sections","source":"fbc2ac76-2217-48d0-9641-3faf7eaab0fe-attachment","type":"text/plain"}],"parameters":[{"name":"URL","value":"https://admin.shopify.com/store/quynhquynhiee/apps/rc-pagefly-1/sections"}],"start":1717044080929,"stop":1717044081692},{"name":"Switch to Frame by Name: app-iframe","status":"passed","stage":"finished","steps":[{"name":"Switch to Default Content","status":"passed","stage":"finished","steps":[],"attachments":[],"parameters":[],"start":1717044081695,"stop":1717044081698}],"attachments":[],"parameters":[],"start":1717044081692,"stop":1717044086699},{"name":"Wait for the section listing to be loaded","status":"passed","stage":"finished","steps":[{"name":"Verify element visible By.id: pages--import-btn","status":"passed","stage":"finished","steps":[],"attachments":[],"parameters":[{"name":"by","value":"By.id: pages--import-btn"}],"start":1717044086699,"stop":1717044091396},{"name":"Verify element visible By.id: pages--export-btn","status":"passed","stage":"finished","steps":[],"attachments":[],"parameters":[{"name":"by","value":"By.id: pages--export-btn"}],"start":1717044091396,"stop":1717044091414},{"name":"Verify element visible By.id: pages--create-blank-section-btn","status":"passed","stage":"finished","steps":[],"attachments":[],"parameters":[{"name":"by","value":"By.id: pages--create-blank-section-btn"}],"start":1717044091414,"stop":1717044091428},{"name":"Verify element visible By.xpath: //*/button/span[text()='More actions']","status":"passed","stage":"finished","steps":[],"attachments":[],"parameters":[{"name":"by","value":"By.xpath: //*/button/span[text()='More actions']"}],"start":1717044091428,"stop":1717044091441},{"name":"Verify element visible By.xpath: //*[@id=\"AppFrameMain\"]//*[@class=\"Polaris-IndexTable\"]","status":"passed","stage":"finished","steps":[],"attachments":[],"parameters":[{"name":"by","value":"By.xpath: //*[@id=\"AppFrameMain\"]//*[@class=\"Polaris-IndexTable\"]"}],"start":1717044091441,"stop":1717044091452}],"attachments":[],"parameters":[],"start":1717044086699,"stop":1717044091452},{"name":"Create a new section from template","status":"failed","statusDetails":{"known":false,"muted":false,"flaky":false,"message":"Timeout waiting for the element Visible. By.xpath: (//div[@class='template-card__action']//button/*[text()='Select'])[4]","trace":"java.lang.AssertionError: Timeout waiting for the element Visible. By.xpath: (//div[@class='template-card__action']//button/*[text()='Select'])[4]\n\tat org.testng.Assert.fail(Assert.java:111)\n\tat org.pftest.keywords.WebUI.waitForElementVisible(WebUI.java:3086)\n\tat org.pftest.keywords.WebUI.clickElement(WebUI.java:2760)\n\tat org.pftest.projects.pages.pages.SectionListingScreen.createSectionFromTemplate(SectionListingScreen.java:66)\n\tat org.pftest.projects.testcases.SectionListingTest.createSectionFromTemplateAndSaveAndPublish(SectionListingTest.java:35)\n\tat org.pftest.projects.testcases.SectionListingTest.createSectionFromTemplate(SectionListingTest.java:56)\n\tat java.base/jdk.internal.reflect.DirectMethodHandleAccessor.invoke(DirectMethodHandleAccessor.java:103)\n\tat java.base/java.lang.reflect.Method.invoke(Method.java:580)\n\tat org.testng.internal.invokers.MethodInvocationHelper.invokeMethod(MethodInvocationHelper.java:141)\n\tat org.testng.internal.invokers.TestInvoker.invokeMethod(TestInvoker.java:686)\n\tat org.testng.internal.invokers.TestInvoker.invokeTestMethod(TestInvoker.java:230)\n\tat org.testng.internal.invokers.MethodRunner.runInSequence(MethodRunner.java:63)\n\tat org.testng.internal.invokers.TestInvoker$MethodInvocationAgent.invoke(TestInvoker.java:992)\n\tat org.testng.internal.invokers.TestInvoker.invokeTestMethods(TestInvoker.java:203)\n\tat org.testng.internal.invokers.TestMethodWorker.invokeTestMethods(TestMethodWorker.java:154)\n\tat org.testng.internal.invokers.TestMethodWorker.run(TestMethodWorker.java:134)\n\tat java.base/java.util.ArrayList.forEach(ArrayList.java:1596)\n\tat org.testng.TestRunner.privateRun(TestRunner.java:739)\n\tat org.testng.TestRunner.run(TestRunner.java:614)\n\tat org.testng.SuiteRunner.runTest(SuiteRunner.java:421)\n\tat org.testng.SuiteRunner.runSequentially(SuiteRunner.java:413)\n\tat org.testng.SuiteRunner.privateRun(SuiteRunner.java:373)\n\tat org.testng.SuiteRunner.run(SuiteRunner.java:312)\n\tat org.testng.SuiteRunnerWorker.runSuite(SuiteRunnerWorker.java:52)\n\tat org.testng.SuiteRunnerWorker.run(SuiteRunnerWorker.java:95)\n\tat org.testng.TestNG.runSuitesSequentially(TestNG.java:1274)\n\tat org.testng.TestNG.runSuitesLocally(TestNG.java:1208)\n\tat org.testng.TestNG.runSuites(TestNG.java:1112)\n\tat org.testng.TestNG.run(TestNG.java:1079)\n\tat com.intellij.rt.testng.IDEARemoteTestNG.run(IDEARemoteTestNG.java:65)\n\tat com.intellij.rt.testng.RemoteTestNGStarter.main(RemoteTestNGStarter.java:105)\n"},"stage":"finished","steps":[{"name":"Click on the element By.xpath: //*/button/span[text()='More actions']","status":"passed","stage":"finished","steps":[{"name":"Verify element visible By.xpath: //*/button/span[text()='More actions']","status":"passed","stage":"finished","steps":[],"attachments":[],"parameters":[{"name":"by","value":"By.xpath: //*/button/span[text()='More actions']"},{"name":"timeout","value":"1"}],"start":1717044091461,"stop":1717044091471}],"attachments":[{"name":"Clicked on the element By.xpath: //*/button/span[text()='More actions']","source":"bb5365e2-994a-4f72-9b1d-8a9af3d65c58-attachment","type":"text/plain"}],"parameters":[{"name":"by","value":"By.xpath: //*/button/span[text()='More actions']"}],"start":1717044091453,"stop":1717044091522},{"name":"Click on the element By.id: pages--create-from-template-btn","status":"passed","stage":"finished","steps":[{"name":"Verify element visible By.id: pages--create-from-template-btn","status":"passed","stage":"finished","steps":[],"attachments":[],"parameters":[{"name":"by","value":"By.id: pages--create-from-template-btn"},{"name":"timeout","value":"1"}],"start":1717044091536,"stop":1717044091547}],"attachments":[{"name":"Clicked on the element By.id: pages--create-from-template-btn","source":"63990704-9210-413b-8b8c-a6a32f067f17-attachment","type":"text/plain"}],"parameters":[{"name":"by","value":"By.id: pages--create-from-template-btn"}],"start":1717044091522,"stop":1717044091601},{"name":"Verify page title is Select section template","status":"passed","stage":"finished","steps":[{"name":"Verify element visible By.xpath: //h1[@class='Polaris-Header-Title']","status":"passed","stage":"finished","steps":[],"attachments":[],"parameters":[{"name":"by","value":"By.xpath: //h1[@class='Polaris-Header-Title']"}],"start":1717044091650,"stop":1717044091673},{"name":"Verify element visible By.xpath: //h1[@class='Polaris-Header-Title']","status":"passed","stage":"finished","steps":[],"attachments":[],"parameters":[{"name":"by","value":"By.xpath: //h1[@class='Polaris-Header-Title']"},{"name":"timeout","value":"1"}],"start":1717044091685,"stop":1717044091696},{"name":"Get text of element By.xpath: //h1[@class='Polaris-Header-Title']","status":"passed","stage":"finished","steps":[{"name":"Verify element visible By.xpath: //h1[@class='Polaris-Header-Title']","status":"passed","stage":"finished","steps":[],"attachments":[],"parameters":[{"name":"by","value":"By.xpath: //h1[@class='Polaris-Header-Title']"},{"name":"timeout","value":"1"}],"start":1717044091716,"stop":1717044091727},{"name":"Verify element visible By.xpath: //h1[@class='Polaris-Header-Title']","status":"passed","stage":"finished","steps":[],"attachments":[],"parameters":[{"name":"by","value":"By.xpath: //h1[@class='Polaris-Header-Title']"},{"name":"timeout","value":"1"}],"start":1717044091749,"stop":1717044091759}],"attachments":[{"name":"Get text of element By.xpath: //h1[@class='Polaris-Header-Title']","source":"824ef213-7c77-4ce4-a5b0-eb7d5463e81f-attachment","type":"text/plain"},{"name":"==> The Text is: Select section template","source":"4e9dbf56-5e11-4dca-a04c-c59ae1f1b488-attachment","type":"text/plain"}],"parameters":[{"name":"by","value":"By.xpath: //h1[@class='Polaris-Header-Title']"}],"start":1717044091702,"stop":1717044091769}],"attachments":[],"parameters":[{"name":"title","value":"Select section template"}],"start":1717044091649,"stop":1717044091769},{"name":"Move to element By.xpath: (//div[@class='template-card__action']//button/*[text()='Select'])[4]","status":"passed","stage":"finished","steps":[],"attachments":[],"parameters":[{"name":"toElement","value":"By.xpath: (//div[@class='template-card__action']//button/*[text()='Select'])[4]"}],"start":1717044092775,"stop":1717044092807},{"name":"Hover on element By.xpath: (//div[@class='template-card__action']//button/*[text()='Select'])[4]","status":"passed","stage":"finished","steps":[],"attachments":[],"parameters":[{"name":"by","value":"By.xpath: (//div[@class='template-card__action']//button/*[text()='Select'])[4]"}],"start":1717044092807,"stop":1717044092817},{"name":"Click on the element By.xpath: (//div[@class='template-card__action']//button/*[text()='Select'])[4]","status":"failed","statusDetails":{"known":false,"muted":false,"flaky":false,"message":"Timeout waiting for the element Visible. By.xpath: (//div[@class='template-card__action']//button/*[text()='Select'])[4]","trace":"java.lang.AssertionError: Timeout waiting for the element Visible. By.xpath: (//div[@class='template-card__action']//button/*[text()='Select'])[4]\n\tat org.testng.Assert.fail(Assert.java:111)\n\tat org.pftest.keywords.WebUI.waitForElementVisible(WebUI.java:3086)\n\tat org.pftest.keywords.WebUI.clickElement(WebUI.java:2760)\n\tat org.pftest.projects.pages.pages.SectionListingScreen.createSectionFromTemplate(SectionListingScreen.java:66)\n\tat org.pftest.projects.testcases.SectionListingTest.createSectionFromTemplateAndSaveAndPublish(SectionListingTest.java:35)\n\tat org.pftest.projects.testcases.SectionListingTest.createSectionFromTemplate(SectionListingTest.java:56)\n\tat java.base/jdk.internal.reflect.DirectMethodHandleAccessor.invoke(DirectMethodHandleAccessor.java:103)\n\tat java.base/java.lang.reflect.Method.invoke(Method.java:580)\n\tat org.testng.internal.invokers.MethodInvocationHelper.invokeMethod(MethodInvocationHelper.java:141)\n\tat org.testng.internal.invokers.TestInvoker.invokeMethod(TestInvoker.java:686)\n\tat org.testng.internal.invokers.TestInvoker.invokeTestMethod(TestInvoker.java:230)\n\tat org.testng.internal.invokers.MethodRunner.runInSequence(MethodRunner.java:63)\n\tat org.testng.internal.invokers.TestInvoker$MethodInvocationAgent.invoke(TestInvoker.java:992)\n\tat org.testng.internal.invokers.TestInvoker.invokeTestMethods(TestInvoker.java:203)\n\tat org.testng.internal.invokers.TestMethodWorker.invokeTestMethods(TestMethodWorker.java:154)\n\tat org.testng.internal.invokers.TestMethodWorker.run(TestMethodWorker.java:134)\n\tat java.base/java.util.ArrayList.forEach(ArrayList.java:1596)\n\tat org.testng.TestRunner.privateRun(TestRunner.java:739)\n\tat org.testng.TestRunner.run(TestRunner.java:614)\n\tat org.testng.SuiteRunner.runTest(SuiteRunner.java:421)\n\tat org.testng.SuiteRunner.runSequentially(SuiteRunner.java:413)\n\tat org.testng.SuiteRunner.privateRun(SuiteRunner.java:373)\n\tat org.testng.SuiteRunner.run(SuiteRunner.java:312)\n\tat org.testng.SuiteRunnerWorker.runSuite(SuiteRunnerWorker.java:52)\n\tat org.testng.SuiteRunnerWorker.run(SuiteRunnerWorker.java:95)\n\tat org.testng.TestNG.runSuitesSequentially(TestNG.java:1274)\n\tat org.testng.TestNG.runSuitesLocally(TestNG.java:1208)\n\tat org.testng.TestNG.runSuites(TestNG.java:1112)\n\tat org.testng.TestNG.run(TestNG.java:1079)\n\tat com.intellij.rt.testng.IDEARemoteTestNG.run(IDEARemoteTestNG.java:65)\n\tat com.intellij.rt.testng.RemoteTestNGStarter.main(RemoteTestNGStarter.java:105)\n"},"stage":"finished","steps":[{"name":"Verify element visible By.xpath: (//div[@class='template-card__action']//button/*[text()='Select'])[4]","status":"passed","stage":"finished","steps":[],"attachments":[],"parameters":[{"name":"by","value":"By.xpath: (//div[@class='template-card__action']//button/*[text()='Select'])[4]"},{"name":"timeout","value":"1"}],"start":1717044094065,"stop":1717044095147},{"name":"Scroll to element By.xpath: (//div[@class='template-card__action']//button/*[text()='Select'])[4]","status":"passed","stage":"finished","steps":[],"attachments":[],"parameters":[{"name":"by","value":"By.xpath: (//div[@class='template-card__action']//button/*[text()='Select'])[4]"}],"start":1717044095147,"stop":1717044095166}],"attachments":[],"parameters":[{"name":"by","value":"By.xpath: (//div[@class='template-card__action']//button/*[text()='Select'])[4]"}],"start":1717044092817,"stop":1717044105199}],"attachments":[],"parameters":[],"start":1717044091453,"stop":1717044105199}],"attachments":[],"parameters":[],"start":1717044080929,"stop":1717044105199}],"attachments":[],"parameters":[],"start":1717044080922,"stop":1717044105200}